2019-03-15 16:19:44.689 [main] INFO  c.c.system.CommonAdminApplication -Starting CommonAdminApplication on wanglinli with PID 27720 (/workspace/wanglinli/common-admin/target/classes started by wanglinli in /workspace/wanglinli/common-admin)
2019-03-15 16:19:44.692 [main] INFO  c.c.system.CommonAdminApplication -No active profile set, falling back to default profiles: default
2019-03-15 16:19:44.757 [main] INFO  o.s.b.c.e.AnnotationConfigEmbeddedWebApplicationContext -Refreshing org.springframework.boot.context.embedded.AnnotationConfigEmbeddedWebApplicationContext@55b7a4e0: startup date [Fri Mar 15 16:19:44 CST 2019]; root of context hierarchy
2019-03-15 16:19:46.253 [main] INFO  o.s.c.s.PostProcessorRegistrationDelegate$BeanPostProcessorChecker -Bean 'shiroConfig' of type [com.common.system.config.shiro.ShiroConfig$$EnhancerBySpringCGLIB$$d802efb9] is not eligible for getting processed by all BeanPostProcessors (for example: not eligible for auto-proxying)
2019-03-15 16:19:46.589 [main] INFO  o.s.c.s.PostProcessorRegistrationDelegate$BeanPostProcessorChecker -Bean 'mybatis-plus-com.baomidou.mybatisplus.spring.boot.starter.MybatisPlusProperties' of type [com.baomidou.mybatisplus.spring.boot.starter.MybatisPlusProperties] is not eligible for getting processed by all BeanPostProcessors (for example: not eligible for auto-proxying)
2019-03-15 16:19:46.595 [main] INFO  o.s.c.s.PostProcessorRegistrationDelegate$BeanPostProcessorChecker -Bean 'dataBaseActionInterceptor' of type [com.common.system.interceptor.DataBaseActionInterceptor] is not eligible for getting processed by all BeanPostProcessors (for example: not eligible for auto-proxying)
2019-03-15 16:19:46.599 [main] INFO  o.s.c.s.PostProcessorRegistrationDelegate$BeanPostProcessorChecker -Bean 'mybatisPlusConfig' of type [com.common.system.config.mybatisplus.MybatisPlusConfig$$EnhancerBySpringCGLIB$$71ed4911] is not eligible for getting processed by all BeanPostProcessors (for example: not eligible for auto-proxying)
2019-03-15 16:19:46.609 [main] INFO  o.s.c.s.PostProcessorRegistrationDelegate$BeanPostProcessorChecker -Bean 'paginationInterceptor' of type [com.baomidou.mybatisplus.plugins.PaginationInterceptor] is not eligible for getting processed by all BeanPostProcessors (for example: not eligible for auto-proxying)
2019-03-15 16:19:46.621 [main] INFO  o.s.c.s.PostProcessorRegistrationDelegate$BeanPostProcessorChecker -Bean 'com.baomidou.mybatisplus.spring.boot.starter.MybatisPlusAutoConfiguration' of type [com.baomidou.mybatisplus.spring.boot.starter.MybatisPlusAutoConfiguration$$EnhancerBySpringCGLIB$$46224b1e] is not eligible for getting processed by all BeanPostProcessors (for example: not eligible for auto-proxying)
2019-03-15 16:19:46.625 [main] INFO  o.s.c.s.PostProcessorRegistrationDelegate$BeanPostProcessorChecker -Bean 'com.alibaba.druid.spring.boot.autoconfigure.DruidDataSourceAutoConfigure' of type [com.alibaba.druid.spring.boot.autoconfigure.DruidDataSourceAutoConfigure$$EnhancerBySpringCGLIB$$122ea233] is not eligible for getting processed by all BeanPostProcessors (for example: not eligible for auto-proxying)
2019-03-15 16:19:46.672 [main] INFO  o.s.c.s.PostProcessorRegistrationDelegate$BeanPostProcessorChecker -Bean 'com.alibaba.druid.spring.boot.autoconfigure.stat.DruidFilterConfiguration' of type [com.alibaba.druid.spring.boot.autoconfigure.stat.DruidFilterConfiguration] is not eligible for getting processed by all BeanPostProcessors (for example: not eligible for auto-proxying)
2019-03-15 16:19:46.911 [main] INFO  o.s.c.s.PostProcessorRegistrationDelegate$BeanPostProcessorChecker -Bean 'statFilter' of type [com.alibaba.druid.filter.stat.StatFilter] is not eligible for getting processed by all BeanPostProcessors (for example: not eligible for auto-proxying)
2019-03-15 16:19:47.073 [main] INFO  o.s.c.s.PostProcessorRegistrationDelegate$BeanPostProcessorChecker -Bean 'dataSource' of type [com.alibaba.druid.spring.boot.autoconfigure.DruidDataSourceWrapper] is not eligible for getting processed by all BeanPostProcessors (for example: not eligible for auto-proxying)
2019-03-15 16:19:47.435 [main] INFO  c.alibaba.druid.pool.DruidDataSource -{dataSource-1} inited
2019-03-15 16:19:47.696 [main] INFO  o.s.c.s.PostProcessorRegistrationDelegate$BeanPostProcessorChecker -Bean 'sqlSessionFactory' of type [org.apache.ibatis.session.defaults.DefaultSqlSessionFactory] is not eligible for getting processed by all BeanPostProcessors (for example: not eligible for auto-proxying)
2019-03-15 16:19:47.704 [main] INFO  o.s.c.s.PostProcessorRegistrationDelegate$BeanPostProcessorChecker -Bean 'sqlSessionTemplate' of type [org.mybatis.spring.SqlSessionTemplate] is not eligible for getting processed by all BeanPostProcessors (for example: not eligible for auto-proxying)
2019-03-15 16:19:47.705 [main] INFO  o.s.c.s.PostProcessorRegistrationDelegate$BeanPostProcessorChecker -Bean 'rcUserRoleMapper' of type [org.mybatis.spring.mapper.MapperFactoryBean] is not eligible for getting processed by all BeanPostProcessors (for example: not eligible for auto-proxying)
2019-03-15 16:19:47.707 [main] INFO  o.s.c.s.PostProcessorRegistrationDelegate$BeanPostProcessorChecker -Bean 'rcUserRoleMapper' of type [com.sun.proxy.$Proxy71] is not eligible for getting processed by all BeanPostProcessors (for example: not eligible for auto-proxying)
2019-03-15 16:19:47.708 [main] INFO  o.s.c.s.PostProcessorRegistrationDelegate$BeanPostProcessorChecker -Bean 'rcUserRoleServiceImpl' of type [com.common.system.service.impl.RcUserRoleServiceImpl] is not eligible for getting processed by all BeanPostProcessors (for example: not eligible for auto-proxying)
2019-03-15 16:19:47.715 [main] INFO  o.s.c.s.PostProcessorRegistrationDelegate$BeanPostProcessorChecker -Bean 'rcPrivilegeMapper' of type [org.mybatis.spring.mapper.MapperFactoryBean] is not eligible for getting processed by all BeanPostProcessors (for example: not eligible for auto-proxying)
2019-03-15 16:19:47.716 [main] INFO  o.s.c.s.PostProcessorRegistrationDelegate$BeanPostProcessorChecker -Bean 'rcPrivilegeMapper' of type [com.sun.proxy.$Proxy73] is not eligible for getting processed by all BeanPostProcessors (for example: not eligible for auto-proxying)
2019-03-15 16:19:47.716 [main] INFO  o.s.c.s.PostProcessorRegistrationDelegate$BeanPostProcessorChecker -Bean 'privilegeServiceImpl' of type [com.common.system.service.impl.PrivilegeServiceImpl] is not eligible for getting processed by all BeanPostProcessors (for example: not eligible for auto-proxying)
2019-03-15 16:19:47.724 [main] INFO  o.s.c.s.PostProcessorRegistrationDelegate$BeanPostProcessorChecker -Bean 'rcMenuMapper' of type [org.mybatis.spring.mapper.MapperFactoryBean] is not eligible for getting processed by all BeanPostProcessors (for example: not eligible for auto-proxying)
2019-03-15 16:19:47.725 [main] INFO  o.s.c.s.PostProcessorRegistrationDelegate$BeanPostProcessorChecker -Bean 'rcMenuMapper' of type [com.sun.proxy.$Proxy75] is not eligible for getting processed by all BeanPostProcessors (for example: not eligible for auto-proxying)
2019-03-15 16:19:47.725 [main] INFO  o.s.c.s.PostProcessorRegistrationDelegate$BeanPostProcessorChecker -Bean 'menuServiceImpl' of type [com.common.system.service.impl.MenuServiceImpl] is not eligible for getting processed by all BeanPostProcessors (for example: not eligible for auto-proxying)
2019-03-15 16:19:47.732 [main] INFO  o.s.c.s.PostProcessorRegistrationDelegate$BeanPostProcessorChecker -Bean 'rcUserMapper' of type [org.mybatis.spring.mapper.MapperFactoryBean] is not eligible for getting processed by all BeanPostProcessors (for example: not eligible for auto-proxying)
2019-03-15 16:19:47.733 [main] INFO  o.s.c.s.PostProcessorRegistrationDelegate$BeanPostProcessorChecker -Bean 'rcUserMapper' of type [com.sun.proxy.$Proxy76] is not eligible for getting processed by all BeanPostProcessors (for example: not eligible for auto-proxying)
2019-03-15 16:19:47.741 [main] INFO  o.s.c.s.PostProcessorRegistrationDelegate$BeanPostProcessorChecker -Bean 'rcRoleMapper' of type [org.mybatis.spring.mapper.MapperFactoryBean] is not eligible for getting processed by all BeanPostProcessors (for example: not eligible for auto-proxying)
2019-03-15 16:19:47.742 [main] INFO  o.s.c.s.PostProcessorRegistrationDelegate$BeanPostProcessorChecker -Bean 'rcRoleMapper' of type [com.sun.proxy.$Proxy77] is not eligible for getting processed by all BeanPostProcessors (for example: not eligible for auto-proxying)
2019-03-15 16:19:47.742 [main] INFO  o.s.c.s.PostProcessorRegistrationDelegate$BeanPostProcessorChecker -Bean 'roleServiceImpl' of type [com.common.system.service.impl.RoleServiceImpl] is not eligible for getting processed by all BeanPostProcessors (for example: not eligible for auto-proxying)
2019-03-15 16:19:47.743 [main] INFO  o.s.c.s.PostProcessorRegistrationDelegate$BeanPostProcessorChecker -Bean 'userServiceImpl' of type [com.common.system.service.impl.UserServiceImpl] is not eligible for getting processed by all BeanPostProcessors (for example: not eligible for auto-proxying)
2019-03-15 16:19:47.745 [main] INFO  o.s.c.s.PostProcessorRegistrationDelegate$BeanPostProcessorChecker -Bean 'shiroFactory' of type [com.common.system.shiro.ShiroFactory] is not eligible for getting processed by all BeanPostProcessors (for example: not eligible for auto-proxying)
2019-03-15 16:19:47.746 [main] INFO  o.s.c.s.PostProcessorRegistrationDelegate$BeanPostProcessorChecker -Bean 'getShiroRealm' of type [com.common.system.shiro.ShiroRealm] is not eligible for getting processed by all BeanPostProcessors (for example: not eligible for auto-proxying)
2019-03-15 16:19:47.789 [main] INFO  o.s.c.s.PostProcessorRegistrationDelegate$BeanPostProcessorChecker -Bean 'cacheManager' of type [org.apache.shiro.cache.ehcache.EhCacheManager] is not eligible for getting processed by all BeanPostProcessors (for example: not eligible for auto-proxying)
2019-03-15 16:19:47.790 [main] INFO  o.a.s.cache.ehcache.EhCacheManager -Cache with name 'com.common.system.shiro.ShiroRealm.authorizationCache' does not yet exist.  Creating now.
2019-03-15 16:19:47.812 [main] INFO  o.a.s.cache.ehcache.EhCacheManager -Added EhCache named [com.common.system.shiro.ShiroRealm.authorizationCache]
2019-03-15 16:19:47.818 [main] INFO  o.s.c.s.PostProcessorRegistrationDelegate$BeanPostProcessorChecker -Bean 'simpleCookie' of type [org.apache.shiro.web.servlet.SimpleCookie] is not eligible for getting processed by all BeanPostProcessors (for example: not eligible for auto-proxying)
2019-03-15 16:19:47.828 [main] INFO  o.s.c.s.PostProcessorRegistrationDelegate$BeanPostProcessorChecker -Bean 'sessionManager' of type [org.apache.shiro.web.session.mgt.DefaultWebSessionManager] is not eligible for getting processed by all BeanPostProcessors (for example: not eligible for auto-proxying)
2019-03-15 16:19:47.838 [main] INFO  o.s.c.s.PostProcessorRegistrationDelegate$BeanPostProcessorChecker -Bean 'getDefaultWebSecurityManager' of type [org.apache.shiro.web.mgt.DefaultWebSecurityManager] is not eligible for getting processed by all BeanPostProcessors (for example: not eligible for auto-proxying)
2019-03-15 16:19:48.029 [main] INFO  o.s.c.s.PostProcessorRegistrationDelegate$BeanPostProcessorChecker -Bean 'com.alibaba.druid.spring.boot.autoconfigure.stat.DruidSpringAopConfiguration' of type [com.alibaba.druid.spring.boot.autoconfigure.stat.DruidSpringAopConfiguration] is not eligible for getting processed by all BeanPostProcessors (for example: not eligible for auto-proxying)
2019-03-15 16:19:48.096 [main] INFO  o.s.c.s.PostProcessorRegistrationDelegate$BeanPostProcessorChecker -Bean 'org.springframework.transaction.annotation.ProxyTransactionManagementConfiguration' of type [org.springframework.transaction.annotation.ProxyTransactionManagementConfiguration$$EnhancerBySpringCGLIB$$f882acc1] is not eligible for getting processed by all BeanPostProcessors (for example: not eligible for auto-proxying)
2019-03-15 16:19:48.122 [main] INFO  o.s.c.s.PostProcessorRegistrationDelegate$BeanPostProcessorChecker -Bean 'spring.datasource.druid-com.alibaba.druid.spring.boot.autoconfigure.properties.DruidStatProperties' of type [com.alibaba.druid.spring.boot.autoconfigure.properties.DruidStatProperties] is not eligible for getting processed by all BeanPostProcessors (for example: not eligible for auto-proxying)
2019-03-15 16:19:48.129 [main] INFO  o.s.c.s.PostProcessorRegistrationDelegate$BeanPostProcessorChecker -Bean 'advisor' of type [org.springframework.aop.support.RegexpMethodPointcutAdvisor] is not eligible for getting processed by all BeanPostProcessors (for example: not eligible for auto-proxying)
2019-03-15 16:19:48.336 [main] INFO  o.s.b.c.e.t.TomcatEmbeddedServletContainer -Tomcat initialized with port(s): 9000 (http)
2019-03-15 16:19:48.344 [main] INFO  o.a.catalina.core.StandardService -Starting service [Tomcat]
2019-03-15 16:19:48.345 [main] INFO  o.a.catalina.core.StandardEngine -Starting Servlet Engine: Apache Tomcat/8.5.16
2019-03-15 16:19:48.412 [localhost-startStop-1] INFO  o.a.c.c.C.[Tomcat].[localhost].[/] -Initializing Spring embedded WebApplicationContext
2019-03-15 16:19:48.412 [localhost-startStop-1] INFO  o.s.web.context.ContextLoader -Root WebApplicationContext: initialization completed in 3655 ms
2019-03-15 16:19:48.606 [localhost-startStop-1] INFO  o.s.b.w.s.FilterRegistrationBean -Mapping filter: 'metricsFilter' to: [/*]
2019-03-15 16:19:48.607 [localhost-startStop-1] INFO  o.s.b.w.s.FilterRegistrationBean -Mapping filter: 'characterEncodingFilter' to: [/*]
2019-03-15 16:19:48.607 [localhost-startStop-1] INFO  o.s.b.w.s.FilterRegistrationBean -Mapping filter: 'hiddenHttpMethodFilter' to: [/*]
2019-03-15 16:19:48.607 [localhost-startStop-1] INFO  o.s.b.w.s.FilterRegistrationBean -Mapping filter: 'httpPutFormContentFilter' to: [/*]
2019-03-15 16:19:48.607 [localhost-startStop-1] INFO  o.s.b.w.s.FilterRegistrationBean -Mapping filter: 'requestContextFilter' to: [/*]
2019-03-15 16:19:48.607 [localhost-startStop-1] INFO  o.s.b.w.s.FilterRegistrationBean -Mapping filter: 'webRequestLoggingFilter' to: [/*]
2019-03-15 16:19:48.608 [localhost-startStop-1] INFO  o.s.b.w.s.FilterRegistrationBean -Mapping filter: 'xssFilter' to urls: [/*]
2019-03-15 16:19:48.608 [localhost-startStop-1] INFO  o.s.b.w.s.FilterRegistrationBean -Mapping filter: 'webStatFilter' to urls: [/*]
2019-03-15 16:19:48.608 [localhost-startStop-1] INFO  o.s.b.w.s.FilterRegistrationBean -Mapping filter: 'shiroFilter' to: [/*]
2019-03-15 16:19:48.608 [localhost-startStop-1] INFO  o.s.b.w.s.FilterRegistrationBean -Mapping filter: 'applicationContextIdFilter' to: [/*]
2019-03-15 16:19:48.608 [localhost-startStop-1] INFO  o.s.b.w.s.ServletRegistrationBean -Mapping servlet: 'dispatcherServlet' to [/]
2019-03-15 16:19:48.610 [localhost-startStop-1] INFO  o.s.b.w.s.ServletRegistrationBean -Mapping servlet: 'statViewServlet' to [/druid/*]
2019-03-15 16:19:48.688 [main] INFO  o.s.w.s.v.f.FreeMarkerConfigurer -ClassTemplateLoader for Spring macros added to FreeMarker configuration
2019-03-15 16:19:49.085 [main] INFO  o.s.w.s.m.m.a.RequestMappingHandlerMapping -Mapped "{[/],methods=[GET]}" onto public org.springframework.web.servlet.ModelAndView com.common.system.controller.IndexController.index(org.springframework.web.servlet.ModelAndView)
2019-03-15 16:19:49.087 [main] INFO  o.s.w.s.m.m.a.RequestMappingHandlerMapping -Mapped "{[/postLogin],methods=[POST]}" onto public java.lang.String com.common.system.controller.LoginController.postLogin(java.lang.String,java.lang.String,org.springframework.web.servlet.ModelAndView,javax.servlet.http.HttpSession)
2019-03-15 16:19:49.087 [main] INFO  o.s.w.s.m.m.a.RequestMappingHandlerMapping -Mapped "{[/login],methods=[GET]}" onto public org.springframework.web.servlet.ModelAndView com.common.system.controller.LoginController.getLogin(org.springframework.web.servlet.ModelAndView)
2019-03-15 16:19:49.088 [main] INFO  o.s.w.s.m.m.a.RequestMappingHandlerMapping -Mapped "{[/logout],methods=[GET]}" onto public java.lang.String com.common.system.controller.LoginController.logout()
2019-03-15 16:19:49.092 [main] INFO  o.s.w.s.m.m.a.RequestMappingHandlerMapping -Mapped "{[/menu/add],methods=[GET]}" onto public org.springframework.web.servlet.ModelAndView com.common.system.controller.MenuController.add(org.springframework.web.servlet.ModelAndView)
2019-03-15 16:19:49.092 [main] INFO  o.s.w.s.m.m.a.RequestMappingHandlerMapping -Mapped "{[/menu/update]}" onto public com.common.system.util.Result com.common.system.controller.MenuController.update(com.common.system.entity.RcMenu,java.lang.String)
2019-03-15 16:19:49.092 [main] INFO  o.s.w.s.m.m.a.RequestMappingHandlerMapping -Mapped "{[/menu/delete/{id}]}" onto public com.common.system.util.Result com.common.system.controller.MenuController.delete(java.lang.String)
2019-03-15 16:19:49.093 [main] INFO  o.s.w.s.m.m.a.RequestMappingHandlerMapping -Mapped "{[/menu/list],methods=[GET]}" onto public org.springframework.web.servlet.ModelAndView com.common.system.controller.MenuController.list(org.springframework.web.servlet.ModelAndView)
2019-03-15 16:19:49.093 [main] INFO  o.s.w.s.m.m.a.RequestMappingHandlerMapping -Mapped "{[/menu/save],methods=[POST]}" onto public com.common.system.util.Result com.common.system.controller.MenuController.save(com.common.system.entity.RcMenu)
2019-03-15 16:19:49.094 [main] INFO  o.s.w.s.m.m.a.RequestMappingHandlerMapping -Mapped "{[/menu/getTreeGridMenu],methods=[GET]}" onto public com.common.system.entity.TreeGridWrapper com.common.system.controller.MenuController.getTreeGridMenu()
2019-03-15 16:19:49.094 [main] INFO  o.s.w.s.m.m.a.RequestMappingHandlerMapping -Mapped "{[/menu/edit/{id}],methods=[GET]}" onto public org.springframework.web.servlet.ModelAndView com.common.system.controller.MenuController.edit(java.lang.String,org.springframework.web.servlet.ModelAndView)
2019-03-15 16:19:49.095 [main] INFO  o.s.w.s.m.m.a.RequestMappingHandlerMapping -Mapped "{[/menu/page]}" onto public com.common.system.util.PageBean<com.common.system.entity.RcMenu> com.common.system.controller.MenuController.queryForPage(int,int,java.lang.String,java.lang.String)
2019-03-15 16:19:49.095 [main] INFO  o.s.w.s.m.m.a.RequestMappingHandlerMapping -Mapped "{[/privilege/save],methods=[POST]}" onto public com.common.system.util.Result com.common.system.controller.PrivilegeController.save(java.lang.Integer,java.lang.String[])
2019-03-15 16:19:49.099 [main] INFO  o.s.w.s.m.m.a.RequestMappingHandlerMapping -Mapped "{[/role/add],methods=[GET]}" onto public org.springframework.web.servlet.ModelAndView com.common.system.controller.RoleMgrController.add(org.springframework.web.servlet.ModelAndView)
2019-03-15 16:19:49.100 [main] INFO  o.s.w.s.m.m.a.RequestMappingHandlerMapping -Mapped "{[/role/update]}" onto public com.common.system.util.Result com.common.system.controller.RoleMgrController.update(com.common.system.entity.RcRole)
2019-03-15 16:19:49.100 [main] INFO  o.s.w.s.m.m.a.RequestMappingHandlerMapping -Mapped "{[/role/delete/{id}],methods=[GET]}" onto public java.lang.String com.common.system.controller.RoleMgrController.delete(java.lang.Integer)
2019-03-15 16:19:49.100 [main] INFO  o.s.w.s.m.m.a.RequestMappingHandlerMapping -Mapped "{[/role/list],methods=[GET]}" onto public org.springframework.web.servlet.ModelAndView com.common.system.controller.RoleMgrController.list(org.springframework.web.servlet.ModelAndView)
2019-03-15 16:19:49.101 [main] INFO  o.s.w.s.m.m.a.RequestMappingHandlerMapping -Mapped "{[/role/save]}" onto public com.common.system.util.Result com.common.system.controller.RoleMgrController.save(java.lang.String,java.lang.String,java.lang.String)
2019-03-15 16:19:49.101 [main] INFO  o.s.w.s.m.m.a.RequestMappingHandlerMapping -Mapped "{[/role/edit/{id}],methods=[GET]}" onto public org.springframework.web.servlet.ModelAndView com.common.system.controller.RoleMgrController.edit(org.springframework.web.servlet.ModelAndView,java.lang.Integer)
2019-03-15 16:19:49.101 [main] INFO  o.s.w.s.m.m.a.RequestMappingHandlerMapping -Mapped "{[/role/page]}" onto public com.common.system.util.PageBean<com.common.system.entity.RcRole> com.common.system.controller.RoleMgrController.queryForPage(int,int,java.lang.String,java.lang.String)
2019-03-15 16:19:49.102 [main] INFO  o.s.w.s.m.m.a.RequestMappingHandlerMapping -Mapped "{[/role/permission/{id}],methods=[GET]}" onto public org.springframework.web.servlet.ModelAndView com.common.system.controller.RoleMgrController.dispatchPermission(java.lang.Integer,org.springframework.web.servlet.ModelAndView)
2019-03-15 16:19:49.102 [main] INFO  o.s.w.s.m.m.a.RequestMappingHandlerMapping -Mapped "{[/role/view/{id}],methods=[GET]}" onto public org.springframework.web.servlet.ModelAndView com.common.system.controller.RoleMgrController.view(java.lang.Integer,org.springframework.web.servlet.ModelAndView)
2019-03-15 16:19:49.105 [main] INFO  o.s.w.s.m.m.a.RequestMappingHandlerMapping -Mapped "{[/user/add],methods=[GET]}" onto public org.springframework.web.servlet.ModelAndView com.common.system.controller.UserMgrController.add(org.springframework.web.servlet.ModelAndView)
2019-03-15 16:19:49.105 [main] INFO  o.s.w.s.m.m.a.RequestMappingHandlerMapping -Mapped "{[/user/update],methods=[POST]}" onto public com.common.system.util.Result com.common.system.controller.UserMgrController.update(java.lang.Integer,java.lang.String,java.lang.Integer)
2019-03-15 16:19:49.105 [main] INFO  o.s.w.s.m.m.a.RequestMappingHandlerMapping -Mapped "{[/user/delete/{id}],methods=[GET]}" onto public com.common.system.util.Result com.common.system.controller.UserMgrController.delete(java.lang.Integer)
2019-03-15 16:19:49.106 [main] INFO  o.s.w.s.m.m.a.RequestMappingHandlerMapping -Mapped "{[/user/list],methods=[GET]}" onto public org.springframework.web.servlet.ModelAndView com.common.system.controller.UserMgrController.list(org.springframework.web.servlet.ModelAndView)
2019-03-15 16:19:49.106 [main] INFO  o.s.w.s.m.m.a.RequestMappingHandlerMapping -Mapped "{[/user/save]}" onto public com.common.system.util.Result com.common.system.controller.UserMgrController.save(com.common.system.entity.RcUser)
2019-03-15 16:19:49.106 [main] INFO  o.s.w.s.m.m.a.RequestMappingHandlerMapping -Mapped "{[/user/edit/{id}],methods=[GET]}" onto public org.springframework.web.servlet.ModelAndView com.common.system.controller.UserMgrController.edit(java.lang.Integer,org.springframework.web.servlet.ModelAndView)
2019-03-15 16:19:49.106 [main] INFO  o.s.w.s.m.m.a.RequestMappingHandlerMapping -Mapped "{[/user/page]}" onto public com.common.system.util.PageBean<com.common.system.entity.RcUser> com.common.system.controller.UserMgrController.queryForPage(int,int,java.lang.String,java.lang.String,javax.servlet.http.HttpServletRequest)
2019-03-15 16:19:49.107 [main] INFO  o.s.w.s.m.m.a.RequestMappingHandlerMapping -Mapped "{[/user/goResetPwd/{id}],methods=[GET]}" onto public org.springframework.web.servlet.ModelAndView com.common.system.controller.UserMgrController.goResetPwd(org.springframework.web.servlet.ModelAndView,java.lang.Integer)
2019-03-15 16:19:49.107 [main] INFO  o.s.w.s.m.m.a.RequestMappingHandlerMapping -Mapped "{[/user/doResetPwd],methods=[POST]}" onto public com.common.system.util.Result com.common.system.controller.UserMgrController.doResetPwd(java.lang.Integer,java.lang.String)
2019-03-15 16:19:49.107 [main] INFO  o.s.w.s.m.m.a.RequestMappingHandlerMapping -Mapped "{[/user/goModifyPwd/{id}],methods=[GET]}" onto public org.springframework.web.servlet.ModelAndView com.common.system.controller.UserMgrController.goModifyPwd(org.springframework.web.servlet.ModelAndView,java.lang.Integer)
2019-03-15 16:19:49.107 [main] INFO  o.s.w.s.m.m.a.RequestMappingHandlerMapping -Mapped "{[/user/modifyPwd],methods=[POST]}" onto public com.common.system.util.Result com.common.system.controller.UserMgrController.modifyPwd(java.lang.Integer,java.lang.String,java.lang.String)
2019-03-15 16:19:49.108 [main] INFO  o.s.w.s.m.m.a.RequestMappingHandlerMapping -Mapped "{[/user/goDispatcherRole/{id}],methods=[GET]}" onto public org.springframework.web.servlet.ModelAndView com.common.system.controller.UserMgrController.goDispatcherRole(org.springframework.web.servlet.ModelAndView,java.lang.Integer)
2019-03-15 16:19:49.108 [main] INFO  o.s.w.s.m.m.a.RequestMappingHandlerMapping -Mapped "{[/user/doDispatcherRole],methods=[POST]}" onto public com.common.system.util.Result com.common.system.controller.UserMgrController.doDispatcherRole(java.lang.Integer,java.lang.String)
2019-03-15 16:19:49.108 [main] INFO  o.s.w.s.m.m.a.RequestMappingHandlerMapping -Mapped "{[/user/exportExcel],methods=[GET]}" onto public void com.common.system.controller.UserMgrController.exportExcel(org.springframework.ui.ModelMap,javax.servlet.http.HttpServletRequest,javax.servlet.http.HttpServletResponse)
2019-03-15 16:19:49.108 [main] INFO  o.s.w.s.m.m.a.RequestMappingHandlerMapping -Mapped "{[/user/view/{id}],methods=[GET]}" onto public org.springframework.web.servlet.ModelAndView com.common.system.controller.UserMgrController.view(java.lang.Integer,org.springframework.web.servlet.ModelAndView)
2019-03-15 16:19:49.112 [main] INFO  o.s.w.s.m.m.a.RequestMappingHandlerMapping -Mapped "{[/swagger-resources]}" onto public org.springframework.http.ResponseEntity<java.util.List<springfox.documentation.swagger.web.SwaggerResource>> springfox.documentation.swagger.web.ApiResourceController.swaggerResources()
2019-03-15 16:19:49.112 [main] INFO  o.s.w.s.m.m.a.RequestMappingHandlerMapping -Mapped "{[/swagger-resources/configuration/ui]}" onto public org.springframework.http.ResponseEntity<springfox.documentation.swagger.web.UiConfiguration> springfox.documentation.swagger.web.ApiResourceController.uiConfiguration()
2019-03-15 16:19:49.113 [main] INFO  o.s.w.s.m.m.a.RequestMappingHandlerMapping -Mapped "{[/swagger-resources/configuration/security]}" onto public org.springframework.http.ResponseEntity<springfox.documentation.swagger.web.SecurityConfiguration> springfox.documentation.swagger.web.ApiResourceController.securityConfiguration()
2019-03-15 16:19:49.115 [main] INFO  o.s.w.s.m.m.a.RequestMappingHandlerMapping -Mapped "{[/error]}" onto public org.springframework.http.ResponseEntity<java.util.Map<java.lang.String, java.lang.Object>> org.springframework.boot.autoconfigure.web.BasicErrorController.error(javax.servlet.http.HttpServletRequest)
2019-03-15 16:19:49.116 [main] INFO  o.s.w.s.m.m.a.RequestMappingHandlerMapping -Mapped "{[/error],produces=[text/html]}" onto public org.springframework.web.servlet.ModelAndView org.springframework.boot.autoconfigure.web.BasicErrorController.errorHtml(javax.servlet.http.HttpServletRequest,javax.servlet.http.HttpServletResponse)
2019-03-15 16:19:49.261 [main] INFO  s.d.s.w.PropertySourcedRequestMappingHandlerMapping -Mapped URL path [/v2/api-docs] onto method [public org.springframework.http.ResponseEntity<springfox.documentation.spring.web.json.Json> springfox.documentation.swagger2.web.Swagger2Controller.getDocumentation(java.lang.String,javax.servlet.http.HttpServletRequest)]
2019-03-15 16:19:49.424 [main] INFO  o.s.w.s.m.m.a.RequestMappingHandlerAdapter -Looking for @ControllerAdvice: org.springframework.boot.context.embedded.AnnotationConfigEmbeddedWebApplicationContext@55b7a4e0: startup date [Fri Mar 15 16:19:44 CST 2019]; root of context hierarchy
2019-03-15 16:19:49.466 [main] INFO  o.s.w.s.h.SimpleUrlHandlerMapping -Mapped URL path [/doc.html] onto handler of type [class org.springframework.web.servlet.resource.ResourceHttpRequestHandler]
2019-03-15 16:19:49.466 [main] INFO  o.s.w.s.h.SimpleUrlHandlerMapping -Mapped URL path [/swagger-ui.html] onto handler of type [class org.springframework.web.servlet.resource.ResourceHttpRequestHandler]
2019-03-15 16:19:49.466 [main] INFO  o.s.w.s.h.SimpleUrlHandlerMapping -Mapped URL path [/webjars/**] onto handler of type [class org.springframework.web.servlet.resource.ResourceHttpRequestHandler]
2019-03-15 16:19:49.466 [main] INFO  o.s.w.s.h.SimpleUrlHandlerMapping -Mapped URL path [/**] onto handler of type [class org.springframework.web.servlet.resource.ResourceHttpRequestHandler]
2019-03-15 16:19:49.498 [main] INFO  o.s.w.s.h.SimpleUrlHandlerMapping -Mapped URL path [/**/favicon.ico] onto handler of type [class org.springframework.web.servlet.resource.ResourceHttpRequestHandler]
2019-03-15 16:19:49.998 [main] INFO  o.s.j.e.a.AnnotationMBeanExporter -Registering beans for JMX exposure on startup
2019-03-15 16:19:50.001 [main] INFO  o.s.j.e.a.AnnotationMBeanExporter -Bean with name 'statFilter' has been autodetected for JMX exposure
2019-03-15 16:19:50.001 [main] INFO  o.s.j.e.a.AnnotationMBeanExporter -Bean with name 'dataSource' has been autodetected for JMX exposure
2019-03-15 16:19:50.009 [main] INFO  o.s.j.e.a.AnnotationMBeanExporter -Located MBean 'dataSource': registering with JMX server as MBean [com.alibaba.druid.spring.boot.autoconfigure:name=dataSource,type=DruidDataSourceWrapper]
2019-03-15 16:19:50.010 [main] INFO  o.s.j.e.a.AnnotationMBeanExporter -Located MBean 'statFilter': registering with JMX server as MBean [com.alibaba.druid.filter.stat:name=statFilter,type=StatFilter]
2019-03-15 16:19:50.014 [main] INFO  o.s.b.c.e.AnnotationConfigEmbeddedWebApplicationContext -Refreshing org.springframework.boot.context.embedded.AnnotationConfigEmbeddedWebApplicationContext@289a4b90: startup date [Fri Mar 15 16:19:50 CST 2019]; parent: org.springframework.boot.context.embedded.AnnotationConfigEmbeddedWebApplicationContext@55b7a4e0
2019-03-15 16:19:50.041 [main] INFO  o.s.b.f.s.DefaultListableBeanFactory -Overriding bean definition for bean 'handlerExceptionResolver' with a different definition: replacing [Root bean: class [null]; scope=; abstract=false; lazyInit=false; autowireMode=3; dependencyCheck=0; autowireCandidate=true; primary=false; factoryBeanName=org.springframework.web.servlet.config.annotation.DelegatingWebMvcConfiguration; factoryMethodName=handlerExceptionResolver; initMethodName=null; destroyMethodName=(inferred); defined in org.springframework.web.servlet.config.annotation.DelegatingWebMvcConfiguration] with [Root bean: class [null]; scope=; abstract=false; lazyInit=false; autowireMode=3; dependencyCheck=0; autowireCandidate=true; primary=false; factoryBeanName=endpointWebMvcChildContextConfiguration; factoryMethodName=compositeHandlerExceptionResolver; initMethodName=null; destroyMethodName=(inferred); defined in org.springframework.boot.actuate.autoconfigure.EndpointWebMvcChildContextConfiguration]
2019-03-15 16:19:50.078 [main] INFO  o.s.b.c.e.t.TomcatEmbeddedServletContainer -Tomcat initialized with port(s): 54001 (http)
2019-03-15 16:19:50.078 [main] INFO  o.a.catalina.core.StandardService -Starting service [Tomcat]
2019-03-15 16:19:50.079 [main] INFO  o.a.catalina.core.StandardEngine -Starting Servlet Engine: Apache Tomcat/8.5.16
2019-03-15 16:19:50.084 [localhost-startStop-1] INFO  o.a.c.c.C.[Tomcat-1].[localhost].[/] -Initializing Spring embedded WebApplicationContext
2019-03-15 16:19:50.084 [localhost-startStop-1] INFO  o.s.web.context.ContextLoader -Root WebApplicationContext: initialization completed in 70 ms
2019-03-15 16:19:50.088 [localhost-startStop-1] INFO  o.s.b.w.s.ServletRegistrationBean -Mapping servlet: 'dispatcherServlet' to [/]
2019-03-15 16:19:50.164 [main] INFO  o.s.b.a.e.mvc.EndpointHandlerMapping -Mapped "{[/dump || /dump.json],methods=[GET],produces=[application/vnd.spring-boot.actuator.v1+json || application/json]}" onto public java.lang.Object org.springframework.boot.actuate.endpoint.mvc.EndpointMvcAdapter.invoke()
2019-03-15 16:19:50.168 [main] INFO  o.s.b.a.e.mvc.EndpointHandlerMapping -Mapped "{[/loggers/{name:.*}],methods=[GET],produces=[application/vnd.spring-boot.actuator.v1+json || application/json]}" onto public java.lang.Object org.springframework.boot.actuate.endpoint.mvc.LoggersMvcEndpoint.get(java.lang.String)
2019-03-15 16:19:50.168 [main] INFO  o.s.b.a.e.mvc.EndpointHandlerMapping -Mapped "{[/loggers/{name:.*}],methods=[POST],consumes=[application/vnd.spring-boot.actuator.v1+json || application/json],produces=[application/vnd.spring-boot.actuator.v1+json || application/json]}" onto public java.lang.Object org.springframework.boot.actuate.endpoint.mvc.LoggersMvcEndpoint.set(java.lang.String,java.util.Map<java.lang.String, java.lang.String>)
2019-03-15 16:19:50.168 [main] INFO  o.s.b.a.e.mvc.EndpointHandlerMapping -Mapped "{[/loggers || /loggers.json],methods=[GET],produces=[application/vnd.spring-boot.actuator.v1+json || application/json]}" onto public java.lang.Object org.springframework.boot.actuate.endpoint.mvc.EndpointMvcAdapter.invoke()
2019-03-15 16:19:50.169 [main] INFO  o.s.b.a.e.mvc.EndpointHandlerMapping -Mapped "{[/configprops || /configprops.json],methods=[GET],produces=[application/vnd.spring-boot.actuator.v1+json || application/json]}" onto public java.lang.Object org.springframework.boot.actuate.endpoint.mvc.EndpointMvcAdapter.invoke()
2019-03-15 16:19:50.170 [main] INFO  o.s.b.a.e.mvc.EndpointHandlerMapping -Mapped "{[/info || /info.json],methods=[GET],produces=[application/vnd.spring-boot.actuator.v1+json || application/json]}" onto public java.lang.Object org.springframework.boot.actuate.endpoint.mvc.EndpointMvcAdapter.invoke()
2019-03-15 16:19:50.170 [main] INFO  o.s.b.a.e.mvc.EndpointHandlerMapping -Mapped "{[/autoconfig || /autoconfig.json],methods=[GET],produces=[application/vnd.spring-boot.actuator.v1+json || application/json]}" onto public java.lang.Object org.springframework.boot.actuate.endpoint.mvc.EndpointMvcAdapter.invoke()
2019-03-15 16:19:50.171 [main] INFO  o.s.b.a.e.mvc.EndpointHandlerMapping -Mapped "{[/metrics/{name:.*}],methods=[GET],produces=[application/vnd.spring-boot.actuator.v1+json || application/json]}" onto public java.lang.Object org.springframework.boot.actuate.endpoint.mvc.MetricsMvcEndpoint.value(java.lang.String)
2019-03-15 16:19:50.172 [main] INFO  o.s.b.a.e.mvc.EndpointHandlerMapping -Mapped "{[/metrics || /metrics.json],methods=[GET],produces=[application/vnd.spring-boot.actuator.v1+json || application/json]}" onto public java.lang.Object org.springframework.boot.actuate.endpoint.mvc.EndpointMvcAdapter.invoke()
2019-03-15 16:19:50.172 [main] INFO  o.s.b.a.e.mvc.EndpointHandlerMapping -Mapped "{[/mappings || /mappings.json],methods=[GET],produces=[application/vnd.spring-boot.actuator.v1+json || application/json]}" onto public java.lang.Object org.springframework.boot.actuate.endpoint.mvc.EndpointMvcAdapter.invoke()
2019-03-15 16:19:50.173 [main] INFO  o.s.b.a.e.mvc.EndpointHandlerMapping -Mapped "{[/auditevents || /auditevents.json],methods=[GET],produces=[application/vnd.spring-boot.actuator.v1+json || application/json]}" onto public org.springframework.http.ResponseEntity<?> org.springframework.boot.actuate.endpoint.mvc.AuditEventsMvcEndpoint.findByPrincipalAndAfterAndType(java.lang.String,java.util.Date,java.lang.String)
2019-03-15 16:19:50.174 [main] INFO  o.s.b.a.e.mvc.EndpointHandlerMapping -Mapped "{[/env/{name:.*}],methods=[GET],produces=[application/vnd.spring-boot.actuator.v1+json || application/json]}" onto public java.lang.Object org.springframework.boot.actuate.endpoint.mvc.EnvironmentMvcEndpoint.value(java.lang.String)
2019-03-15 16:19:50.174 [main] INFO  o.s.b.a.e.mvc.EndpointHandlerMapping -Mapped "{[/env || /env.json],methods=[GET],produces=[application/vnd.spring-boot.actuator.v1+json || application/json]}" onto public java.lang.Object org.springframework.boot.actuate.endpoint.mvc.EndpointMvcAdapter.invoke()
2019-03-15 16:19:50.175 [main] INFO  o.s.b.a.e.mvc.EndpointHandlerMapping -Mapped "{[/heapdump || /heapdump.json],methods=[GET],produces=[application/octet-stream]}" onto public void org.springframework.boot.actuate.endpoint.mvc.HeapdumpMvcEndpoint.invoke(boolean,javax.servlet.http.HttpServletRequest,javax.servlet.http.HttpServletResponse) throws java.io.IOException,javax.servlet.ServletException
2019-03-15 16:19:50.176 [main] INFO  o.s.b.a.e.mvc.EndpointHandlerMapping -Mapped "{[/health || /health.json],methods=[GET],produces=[application/vnd.spring-boot.actuator.v1+json || application/json]}" onto public java.lang.Object org.springframework.boot.actuate.endpoint.mvc.HealthMvcEndpoint.invoke(javax.servlet.http.HttpServletRequest,java.security.Principal)
2019-03-15 16:19:50.176 [main] INFO  o.s.b.a.e.mvc.EndpointHandlerMapping -Mapped "{[/beans || /beans.json],methods=[GET],produces=[application/vnd.spring-boot.actuator.v1+json || application/json]}" onto public java.lang.Object org.springframework.boot.actuate.endpoint.mvc.EndpointMvcAdapter.invoke()
2019-03-15 16:19:50.177 [main] INFO  o.s.b.a.e.mvc.EndpointHandlerMapping -Mapped "{[/trace || /trace.json],methods=[GET],produces=[application/vnd.spring-boot.actuator.v1+json || application/json]}" onto public java.lang.Object org.springframework.boot.actuate.endpoint.mvc.EndpointMvcAdapter.invoke()
2019-03-15 16:19:50.188 [main] INFO  o.s.w.s.m.m.a.RequestMappingHandlerMapping -Mapped "{[/error]}" onto public java.util.Map<java.lang.String, java.lang.Object> org.springframework.boot.actuate.endpoint.mvc.ManagementErrorEndpoint.invoke()
2019-03-15 16:19:50.194 [main] INFO  o.s.w.s.h.SimpleUrlHandlerMapping -Mapped URL path [/doc.html] onto handler of type [class org.springframework.web.servlet.resource.ResourceHttpRequestHandler]
2019-03-15 16:19:50.194 [main] INFO  o.s.w.s.h.SimpleUrlHandlerMapping -Mapped URL path [/swagger-ui.html] onto handler of type [class org.springframework.web.servlet.resource.ResourceHttpRequestHandler]
2019-03-15 16:19:50.194 [main] INFO  o.s.w.s.h.SimpleUrlHandlerMapping -Mapped URL path [/webjars/**] onto handler of type [class org.springframework.web.servlet.resource.ResourceHttpRequestHandler]
2019-03-15 16:19:50.195 [main] INFO  o.s.w.s.h.SimpleUrlHandlerMapping -Mapped URL path [/**] onto handler of type [class org.springframework.web.servlet.resource.ResourceHttpRequestHandler]
2019-03-15 16:19:50.208 [main] INFO  o.s.w.s.m.m.a.RequestMappingHandlerAdapter -Looking for @ControllerAdvice: org.springframework.boot.context.embedded.AnnotationConfigEmbeddedWebApplicationContext@289a4b90: startup date [Fri Mar 15 16:19:50 CST 2019]; parent: org.springframework.boot.context.embedded.AnnotationConfigEmbeddedWebApplicationContext@55b7a4e0
2019-03-15 16:19:50.283 [main] INFO  o.s.b.c.e.t.TomcatEmbeddedServletContainer -Tomcat started on port(s): 54001 (http)
2019-03-15 16:19:50.288 [main] INFO  o.s.c.s.DefaultLifecycleProcessor -Starting beans in phase 0
2019-03-15 16:19:50.347 [main] INFO  o.s.c.s.DefaultLifecycleProcessor -Starting beans in phase 2147483647
2019-03-15 16:19:50.347 [main] INFO  s.d.s.w.p.DocumentationPluginsBootstrapper -Context refreshed
2019-03-15 16:19:50.360 [main] INFO  s.d.s.w.p.DocumentationPluginsBootstrapper -Found 1 custom documentation plugin(s)
2019-03-15 16:19:50.389 [main] INFO  s.d.s.w.s.ApiListingReferenceScanner -Scanning for api listing references
2019-03-15 16:19:50.660 [main] WARN  s.d.s.w.r.p.ParameterDataTypeReader -Trying to infer dataType java.lang.String[]
2019-03-15 16:19:50.661 [main] INFO  s.d.s.w.r.o.CachingOperationNameGenerator -Generating unique operation named: saveUsingPOST_1
2019-03-15 16:19:50.665 [main] INFO  s.d.s.w.r.o.CachingOperationNameGenerator -Generating unique operation named: addUsingGET_1
2019-03-15 16:19:50.669 [main] INFO  s.d.s.w.r.o.CachingOperationNameGenerator -Generating unique operation named: deleteUsingGET_1
2019-03-15 16:19:50.677 [main] INFO  s.d.s.w.r.o.CachingOperationNameGenerator -Generating unique operation named: editUsingGET_1
2019-03-15 16:19:50.681 [main] INFO  s.d.s.w.r.o.CachingOperationNameGenerator -Generating unique operation named: listUsingGET_1
2019-03-15 16:19:50.688 [main] INFO  s.d.s.w.r.o.CachingOperationNameGenerator -Generating unique operation named: queryForPageUsingGET_1
2019-03-15 16:19:50.693 [main] INFO  s.d.s.w.r.o.CachingOperationNameGenerator -Generating unique operation named: queryForPageUsingHEAD_1
2019-03-15 16:19:50.695 [main] INFO  s.d.s.w.r.o.CachingOperationNameGenerator -Generating unique operation named: queryForPageUsingPOST_1
2019-03-15 16:19:50.698 [main] INFO  s.d.s.w.r.o.CachingOperationNameGenerator -Generating unique operation named: queryForPageUsingPUT_1
2019-03-15 16:19:50.701 [main] INFO  s.d.s.w.r.o.CachingOperationNameGenerator -Generating unique operation named: queryForPageUsingPATCH_1
2019-03-15 16:19:50.704 [main] INFO  s.d.s.w.r.o.CachingOperationNameGenerator -Generating unique operation named: queryForPageUsingDELETE_1
2019-03-15 16:19:50.707 [main] INFO  s.d.s.w.r.o.CachingOperationNameGenerator -Generating unique operation named: queryForPageUsingOPTIONS_1
2019-03-15 16:19:50.711 [main] INFO  s.d.s.w.r.o.CachingOperationNameGenerator -Generating unique operation named: queryForPageUsingTRACE_1
2019-03-15 16:19:50.721 [main] INFO  s.d.s.w.r.o.CachingOperationNameGenerator -Generating unique operation named: saveUsingPOST_2
2019-03-15 16:19:50.737 [main] INFO  s.d.s.w.r.o.CachingOperationNameGenerator -Generating unique operation named: updateUsingGET_1
2019-03-15 16:19:50.740 [main] INFO  s.d.s.w.r.o.CachingOperationNameGenerator -Generating unique operation named: updateUsingHEAD_1
2019-03-15 16:19:50.742 [main] INFO  s.d.s.w.r.o.CachingOperationNameGenerator -Generating unique operation named: updateUsingPOST_1
2019-03-15 16:19:50.745 [main] INFO  s.d.s.w.r.o.CachingOperationNameGenerator -Generating unique operation named: updateUsingPUT_1
2019-03-15 16:19:50.747 [main] INFO  s.d.s.w.r.o.CachingOperationNameGenerator -Generating unique operation named: updateUsingPATCH_1
2019-03-15 16:19:50.750 [main] INFO  s.d.s.w.r.o.CachingOperationNameGenerator -Generating unique operation named: updateUsingDELETE_1
2019-03-15 16:19:50.753 [main] INFO  s.d.s.w.r.o.CachingOperationNameGenerator -Generating unique operation named: updateUsingOPTIONS_1
2019-03-15 16:19:50.755 [main] INFO  s.d.s.w.r.o.CachingOperationNameGenerator -Generating unique operation named: updateUsingTRACE_1
2019-03-15 16:19:50.764 [main] INFO  s.d.s.w.r.o.CachingOperationNameGenerator -Generating unique operation named: addUsingGET_2
2019-03-15 16:19:50.768 [main] INFO  s.d.s.w.r.o.CachingOperationNameGenerator -Generating unique operation named: deleteUsingGET_2
2019-03-15 16:19:50.780 [main] INFO  s.d.s.w.r.o.CachingOperationNameGenerator -Generating unique operation named: editUsingGET_2
2019-03-15 16:19:50.782 [main] WARN  s.d.s.w.r.p.ParameterDataTypeReader -Trying to infer dataType org.springframework.ui.ModelMap
2019-03-15 16:19:50.802 [main] INFO  s.d.s.w.r.o.CachingOperationNameGenerator -Generating unique operation named: listUsingGET_2
2019-03-15 16:19:50.818 [main] INFO  s.d.s.w.r.o.CachingOperationNameGenerator -Generating unique operation named: queryForPageUsingGET_2
2019-03-15 16:19:50.822 [main] INFO  s.d.s.w.r.o.CachingOperationNameGenerator -Generating unique operation named: queryForPageUsingHEAD_2
2019-03-15 16:19:50.824 [main] INFO  s.d.s.w.r.o.CachingOperationNameGenerator -Generating unique operation named: queryForPageUsingPOST_2
2019-03-15 16:19:50.827 [main] INFO  s.d.s.w.r.o.CachingOperationNameGenerator -Generating unique operation named: queryForPageUsingPUT_2
2019-03-15 16:19:50.831 [main] INFO  s.d.s.w.r.o.CachingOperationNameGenerator -Generating unique operation named: queryForPageUsingPATCH_2
2019-03-15 16:19:50.834 [main] INFO  s.d.s.w.r.o.CachingOperationNameGenerator -Generating unique operation named: queryForPageUsingDELETE_2
2019-03-15 16:19:50.837 [main] INFO  s.d.s.w.r.o.CachingOperationNameGenerator -Generating unique operation named: queryForPageUsingOPTIONS_2
2019-03-15 16:19:50.840 [main] INFO  s.d.s.w.r.o.CachingOperationNameGenerator -Generating unique operation named: queryForPageUsingTRACE_2
2019-03-15 16:19:50.847 [main] INFO  s.d.s.w.r.o.CachingOperationNameGenerator -Generating unique operation named: saveUsingGET_1
2019-03-15 16:19:50.850 [main] INFO  s.d.s.w.r.o.CachingOperationNameGenerator -Generating unique operation named: saveUsingHEAD_1
2019-03-15 16:19:50.855 [main] INFO  s.d.s.w.r.o.CachingOperationNameGenerator -Generating unique operation named: saveUsingPOST_3
2019-03-15 16:19:50.859 [main] INFO  s.d.s.w.r.o.CachingOperationNameGenerator -Generating unique operation named: saveUsingPUT_1
2019-03-15 16:19:50.863 [main] INFO  s.d.s.w.r.o.CachingOperationNameGenerator -Generating unique operation named: saveUsingPATCH_1
2019-03-15 16:19:50.868 [main] INFO  s.d.s.w.r.o.CachingOperationNameGenerator -Generating unique operation named: saveUsingDELETE_1
2019-03-15 16:19:50.872 [main] INFO  s.d.s.w.r.o.CachingOperationNameGenerator -Generating unique operation named: saveUsingOPTIONS_1
2019-03-15 16:19:50.878 [main] INFO  s.d.s.w.r.o.CachingOperationNameGenerator -Generating unique operation named: saveUsingTRACE_1
2019-03-15 16:19:50.882 [main] INFO  s.d.s.w.r.o.CachingOperationNameGenerator -Generating unique operation named: updateUsingPOST_2
2019-03-15 16:19:50.887 [main] INFO  s.d.s.w.r.o.CachingOperationNameGenerator -Generating unique operation named: viewUsingGET_1
2019-03-15 16:19:50.913 [main] INFO  o.s.b.c.e.t.TomcatEmbeddedServletContainer -Tomcat started on port(s): 9000 (http)
2019-03-15 16:19:50.917 [main] INFO  c.c.system.CommonAdminApplication -Started CommonAdminApplication in 6.668 seconds (JVM running for 7.479)
2019-03-15 16:19:56.722 [Thread-20] INFO  o.s.b.c.e.AnnotationConfigEmbeddedWebApplicationContext -Closing org.springframework.boot.context.embedded.AnnotationConfigEmbeddedWebApplicationContext@55b7a4e0: startup date [Fri Mar 15 16:19:44 CST 2019]; root of context hierarchy
2019-03-15 16:19:56.725 [Thread-20] INFO  o.s.b.c.e.AnnotationConfigEmbeddedWebApplicationContext -Closing org.springframework.boot.context.embedded.AnnotationConfigEmbeddedWebApplicationContext@289a4b90: startup date [Fri Mar 15 16:19:50 CST 2019]; parent: org.springframework.boot.context.embedded.AnnotationConfigEmbeddedWebApplicationContext@55b7a4e0
2019-03-15 16:19:56.790 [Thread-20] INFO  o.s.c.s.DefaultLifecycleProcessor -Stopping beans in phase 2147483647
2019-03-15 16:19:56.791 [Thread-20] INFO  o.s.c.s.DefaultLifecycleProcessor -Stopping beans in phase 0
2019-03-15 16:19:56.792 [Thread-20] INFO  o.s.j.e.a.AnnotationMBeanExporter -Unregistering JMX-exposed beans on shutdown
2019-03-15 16:19:56.792 [Thread-20] INFO  o.s.j.e.a.AnnotationMBeanExporter -Unregistering JMX-exposed beans
2019-03-15 16:19:56.803 [Thread-20] INFO  c.alibaba.druid.pool.DruidDataSource -{dataSource-1} closed
